<?xml version="1.0" encoding="UTF-8"?>
<testsuite xmlns:xsi="http://www.w3.org/2001/XMLSchema-instance" xsi:noNamespaceSchemaLocation="https://maven.apache.org/surefire/maven-surefire-plugin/xsd/surefire-test-report.xsd" name="RoundTests" time="0.539" tests="2" errors="0" skipped="0" failures="0">
  <properties>
[...]
</properties>
  <testcase name="Settings_Are_Equal" classname="RoundTests" time="0.218"/>
  <testcase name="Questions_Get_Generated" classname="RoundTests" time="0.321"/>
</testsuite>